[Tue Apr 26 15:28:29.744545 2022] [ssl:warn] [pid 1] AH01906: protectoras.vm:443:0 server certificate is a CA certificate (BasicConstraints: CA == TRUE !?)
[Tue Apr 26 15:28:29.772998 2022] [ssl:warn] [pid 1] AH01906: protectoras.vm:443:0 server certificate is a CA certificate (BasicConstraints: CA == TRUE !?)
[Wed Apr 27 11:33:28.553950 2022] [ssl:warn] [pid 1] AH01906: protectoras.vm:443:0 server certificate is a CA certificate (BasicConstraints: CA == TRUE !?)
[Wed Apr 27 11:33:28.620604 2022] [ssl:warn] [pid 1] AH01906: protectoras.vm:443:0 server certificate is a CA certificate (BasicConstraints: CA == TRUE !?)
[Wed Apr 27 11:48:43.260370 2022] [ssl:warn] [pid 1] AH01906: protectoras.vm:443:0 server certificate is a CA certificate (BasicConstraints: CA == TRUE !?)
[Wed Apr 27 11:48:43.300798 2022] [ssl:warn] [pid 1] AH01906: protectoras.vm:443:0 server certificate is a CA certificate (BasicConstraints: CA == TRUE !?)
[Wed Apr 27 12:07:19.753379 2022] [ssl:warn] [pid 1] AH01906: protectoras.vm:443:0 server certificate is a CA certificate (BasicConstraints: CA == TRUE !?)
[Wed Apr 27 12:07:19.780501 2022] [ssl:warn] [pid 1] AH01906: protectoras.vm:443:0 server certificate is a CA certificate (BasicConstraints: CA == TRUE !?)
[Wed Apr 27 13:03:55.675333 2022] [ssl:warn] [pid 1] AH01906: protectoras.vm:443:0 server certificate is a CA certificate (BasicConstraints: CA == TRUE !?)
[Wed Apr 27 13:03:55.708718 2022] [ssl:warn] [pid 1] AH01906: protectoras.vm:443:0 server certificate is a CA certificate (BasicConstraints: CA == TRUE !?)
[Thu Apr 28 08:29:00.243434 2022] [ssl:warn] [pid 1] AH01906: protectoras.vm:443:0 server certificate is a CA certificate (BasicConstraints: CA == TRUE !?)
[Thu Apr 28 08:29:00.333272 2022] [ssl:warn] [pid 1] AH01906: protectoras.vm:443:0 server certificate is a CA certificate (BasicConstraints: CA == TRUE !?)
[Thu Apr 28 09:59:48.863050 2022] [ssl:warn] [pid 1] AH01906: protectoras.vm:443:0 server certificate is a CA certificate (BasicConstraints: CA == TRUE !?)
[Thu Apr 28 09:59:48.901841 2022] [ssl:warn] [pid 1] AH01906: protectoras.vm:443:0 server certificate is a CA certificate (BasicConstraints: CA == TRUE !?)
[Thu Apr 28 10:02:39.203307 2022] [ssl:warn] [pid 1] AH01906: protectoras.vm:443:0 server certificate is a CA certificate (BasicConstraints: CA == TRUE !?)
[Thu Apr 28 10:02:39.234075 2022] [ssl:warn] [pid 1] AH01906: protectoras.vm:443:0 server certificate is a CA certificate (BasicConstraints: CA == TRUE !?)
[Thu Apr 28 10:06:12.125371 2022] [ssl:warn] [pid 1] AH01906: protectoras.vm:443:0 server certificate is a CA certificate (BasicConstraints: CA == TRUE !?)
[Thu Apr 28 10:06:12.159107 2022] [ssl:warn] [pid 1] AH01906: protectoras.vm:443:0 server certificate is a CA certificate (BasicConstraints: CA == TRUE !?)
[Thu Apr 28 10:14:21.919092 2022] [ssl:warn] [pid 1] AH01906: protectoras.vm:443:0 server certificate is a CA certificate (BasicConstraints: CA == TRUE !?)
[Thu Apr 28 10:14:21.955172 2022] [ssl:warn] [pid 1] AH01906: protectoras.vm:443:0 server certificate is a CA certificate (BasicConstraints: CA == TRUE !?)
[Thu Apr 28 10:18:23.501489 2022] [ssl:warn] [pid 1] AH01906: protectoras.vm:443:0 server certificate is a CA certificate (BasicConstraints: CA == TRUE !?)
[Thu Apr 28 10:18:23.533191 2022] [ssl:warn] [pid 1] AH01906: protectoras.vm:443:0 server certificate is a CA certificate (BasicConstraints: CA == TRUE !?)
[Thu Apr 28 10:25:11.615696 2022] [ssl:warn] [pid 1] AH01906: protectoras.vm:443:0 server certificate is a CA certificate (BasicConstraints: CA == TRUE !?)
[Thu Apr 28 10:25:11.660637 2022] [ssl:warn] [pid 1] AH01906: protectoras.vm:443:0 server certificate is a CA certificate (BasicConstraints: CA == TRUE !?)
[Thu Apr 28 13:35:14.297907 2022] [php:notice] [pid 888] [client 172.23.128.1:60411] TypeError: Cannot access offset of type string on string in /opt/drupal/web/protectoras+/web/core/lib/Drupal/Component/Utility/NestedArray.php on line 155 #0 /opt/drupal/web/protectoras+/web/core/lib/Drupal/Core/Form/FormBuilder.php(1249): Drupal\\Component\\Utility\\NestedArray::setValue(Array, Array, NULL)\n#1 /opt/drupal/web/protectoras+/web/core/lib/Drupal/Core/Form/FormBuilder.php(1000): Drupal\\Core\\Form\\FormBuilder->handleInputElement('node_protectora...', Array, Object(Drupal\\Core\\Form\\FormState))\n#2 /opt/drupal/web/protectoras+/web/core/lib/Drupal/Core/Form/FormBuilder.php(1070): Drupal\\Core\\Form\\FormBuilder->doBuildForm('node_protectora...', Array, Object(Drupal\\Core\\Form\\FormState))\n#3 /opt/drupal/web/protectoras+/web/core/lib/Drupal/Core/Form/FormBuilder.php(1070): Drupal\\Core\\Form\\FormBuilder->doBuildForm('node_protectora...', Array, Object(Drupal\\Core\\Form\\FormState))\n#4 /opt/drupal/web/protectoras+/web/core/lib/Drupal/Core/Form/FormBuilder.php(1070): Drupal\\Core\\Form\\FormBuilder->doBuildForm('node_protectora...', Array, Object(Drupal\\Core\\Form\\FormState))\n#5 /opt/drupal/web/protectoras+/web/core/lib/Drupal/Core/Form/FormBuilder.php(1070): Drupal\\Core\\Form\\FormBuilder->doBuildForm('node_protectora...', Array, Object(Drupal\\Core\\Form\\FormState))\n#6 /opt/drupal/web/protectoras+/web/core/lib/Drupal/Core/Form/FormBuilder.php(1070): Drupal\\Core\\Form\\FormBuilder->doBuildForm('node_protectora...', Array, Object(Drupal\\Core\\Form\\FormState))\n#7 /opt/drupal/web/protectoras+/web/core/lib/Drupal/Core/Form/FormBuilder.php(574): Drupal\\Core\\Form\\FormBuilder->doBuildForm('node_protectora...', Array, Object(Drupal\\Core\\Form\\FormState))\n#8 /opt/drupal/web/protectoras+/web/core/lib/Drupal/Core/Form/FormBuilder.php(320): Drupal\\Core\\Form\\FormBuilder->processForm('node_protectora...', Array, Object(Drupal\\Core\\Form\\FormState))\n#9 /opt/drupal/web/protectoras+/web/core/lib/Drupal/Core/Controller/FormController.php(73): Drupal\\Core\\Form\\FormBuilder->buildForm(Object(Drupal\\node\\NodeForm), Object(Drupal\\Core\\Form\\FormState))\n#10 [internal function]: Drupal\\Core\\Controller\\FormController->getContentResult(Object(Symfony\\Component\\HttpFoundation\\Request), Object(Drupal\\Core\\Routing\\RouteMatch))\n#11 /opt/drupal/web/protectoras+/web/core/lib/Drupal/Core/EventSubscriber/EarlyRenderingControllerWrapperSubscriber.php(123): call_user_func_array(Array, Array)\n#12 /opt/drupal/web/protectoras+/web/core/lib/Drupal/Core/Render/Renderer.php(564): Drupal\\Core\\EventSubscriber\\EarlyRenderingControllerWrapperSubscriber->Drupal\\Core\\EventSubscriber\\{closure}()\n#13 /opt/drupal/web/protectoras+/web/core/lib/Drupal/Core/EventSubscriber/EarlyRenderingControllerWrapperSubscriber.php(124): Drupal\\Core\\Render\\Renderer->executeInRenderContext(Object(Drupal\\Core\\Render\\RenderContext), Object(Closure))\n#14 /opt/drupal/web/protectoras+/web/core/lib/Drupal/Core/EventSubscriber/EarlyRenderingControllerWrapperSubscriber.php(97): Drupal\\Core\\EventSubscriber\\EarlyRenderingControllerWrapperSubscriber->wrapControllerExecutionInRenderContext(Array, Array)\n#15 /opt/drupal/web/protectoras+/vendor/symfony/http-kernel/HttpKernel.php(158): Drupal\\Core\\EventSubscriber\\EarlyRenderingControllerWrapperSubscriber->Drupal\\Core\\EventSubscriber\\{closure}()\n#16 /opt/drupal/web/protectoras+/vendor/symfony/http-kernel/HttpKernel.php(80): Symfony\\Component\\HttpKernel\\HttpKernel->handleRaw(Object(Symfony\\Component\\HttpFoundation\\Request), 1)\n#17 /opt/drupal/web/protectoras+/web/core/lib/Drupal/Core/StackMiddleware/Session.php(58): Symfony\\Component\\HttpKernel\\HttpKernel->handle(Object(Symfony\\Component\\HttpFoundation\\Request), 1, true)\n#18 /opt/drupal/web/protectoras+/web/core/lib/Drupal/Core/StackMiddleware/KernelPreHandle.php(48): Drupal\\Core\\StackMiddleware\\Session->handle(Object(Symfony\\Component\\HttpFoundation\\Request), 1, true)\n#19 /opt/drupal/web/protectoras+/web/core/modules/page_cache/src/StackMiddleware/PageCache.php(106): Drupal\\Core\\StackMiddleware\\KernelPreHandle->handle(Object(Symfony\\Component\\HttpFoundation\\Request), 1, true)\n#20 /opt/drupal/web/protectoras+/web/core/modules/page_cache/src/StackMiddleware/PageCache.php(85): Drupal\\page_cache\\StackMiddleware\\PageCache->pass(Object(Symfony\\Component\\HttpFoundation\\Request), 1, true)\n#21 /opt/drupal/web/protectoras+/web/core/lib/Drupal/Core/StackMiddleware/ReverseProxyMiddleware.php(48): Drupal\\page_cache\\StackMiddleware\\PageCache->handle(Object(Symfony\\Component\\HttpFoundation\\Request), 1, true)\n#22 /opt/drupal/web/protectoras+/web/core/lib/Drupal/Core/StackMiddleware/NegotiationMiddleware.php(51): Drupal\\Core\\StackMiddleware\\ReverseProxyMiddleware->handle(Object(Symfony\\Component\\HttpFoundation\\Request), 1, true)\n#23 /opt/drupal/web/protectoras+/vendor/stack/builder/src/Stack/StackedHttpKernel.php(23): Drupal\\Core\\StackMiddleware\\NegotiationMiddleware->handle(Object(Symfony\\Component\\HttpFoundation\\Request), 1, true)\n#24 /opt/drupal/web/protectoras+/web/core/lib/Drupal/Core/DrupalKernel.php(708): Stack\\StackedHttpKernel->handle(Object(Symfony\\Component\\HttpFoundation\\Request), 1, true)\n#25 /opt/drupal/web/protectoras+/web/index.php(19): Drupal\\Core\\DrupalKernel->handle(Object(Symfony\\Component\\HttpFoundation\\Request))\n#26 {main}, referer: https://protectoras.vm/node/1/edit
[Fri Apr 29 06:42:03.528550 2022] [ssl:warn] [pid 1] AH01906: protectoras.vm:443:0 server certificate is a CA certificate (BasicConstraints: CA == TRUE !?)
[Fri Apr 29 06:42:04.053620 2022] [ssl:warn] [pid 1] AH01906: protectoras.vm:443:0 server certificate is a CA certificate (BasicConstraints: CA == TRUE !?)
[Fri Apr 29 07:11:32.582871 2022] [ssl:warn] [pid 1] AH01906: protectoras.vm:443:0 server certificate is a CA certificate (BasicConstraints: CA == TRUE !?)
[Fri Apr 29 07:11:32.723270 2022] [ssl:warn] [pid 1] AH01906: protectoras.vm:443:0 server certificate is a CA certificate (BasicConstraints: CA == TRUE !?)
[Fri Apr 29 12:26:44.093289 2022] [php:notice] [pid 367] [client 172.23.128.1:61425] Uncaught PHP Exception LogicException: "Form errors cannot be set after form validation has finished." at /opt/drupal/web/protectoras+/web/core/lib/Drupal/Core/Form/FormState.php line 1057, referer: https://protectoras.vm/admin/config/search/path/patterns/add
[Mon May 02 09:49:37.799625 2022] [ssl:warn] [pid 1] AH01906: protectoras.vm:443:0 server certificate is a CA certificate (BasicConstraints: CA == TRUE !?)
[Mon May 02 09:49:38.470678 2022] [ssl:warn] [pid 1] AH01906: protectoras.vm:443:0 server certificate is a CA certificate (BasicConstraints: CA == TRUE !?)
[Tue May 03 06:34:33.240396 2022] [ssl:warn] [pid 1] AH01906: protectoras.vm:443:0 server certificate is a CA certificate (BasicConstraints: CA == TRUE !?)
[Tue May 03 06:34:33.508227 2022] [ssl:warn] [pid 1] AH01906: protectoras.vm:443:0 server certificate is a CA certificate (BasicConstraints: CA == TRUE !?)
[Tue May 03 06:36:07.188559 2022] [ssl:warn] [pid 1] AH01906: protectoras.vm:443:0 server certificate is a CA certificate (BasicConstraints: CA == TRUE !?)
[Tue May 03 06:36:07.249959 2022] [ssl:warn] [pid 1] AH01906: protectoras.vm:443:0 server certificate is a CA certificate (BasicConstraints: CA == TRUE !?)
[Tue May 03 08:20:38.690623 2022] [ssl:warn] [pid 1] AH01906: protectoras.vm:443:0 server certificate is a CA certificate (BasicConstraints: CA == TRUE !?)
[Tue May 03 08:20:38.742877 2022] [ssl:warn] [pid 1] AH01906: protectoras.vm:443:0 server certificate is a CA certificate (BasicConstraints: CA == TRUE !?)
[Sun May 08 17:25:39.422860 2022] [ssl:warn] [pid 1] AH01906: protectoras.vm:443:0 server certificate is a CA certificate (BasicConstraints: CA == TRUE !?)
[Sun May 08 17:25:39.667560 2022] [ssl:warn] [pid 1] AH01906: protectoras.vm:443:0 server certificate is a CA certificate (BasicConstraints: CA == TRUE !?)
[Wed May 11 08:08:58.551327 2022] [ssl:warn] [pid 1] AH01906: protectoras.vm:443:0 server certificate is a CA certificate (BasicConstraints: CA == TRUE !?)
[Wed May 11 08:08:58.652220 2022] [ssl:warn] [pid 1] AH01906: protectoras.vm:443:0 server certificate is a CA certificate (BasicConstraints: CA == TRUE !?)
[Wed May 11 08:10:11.021502 2022] [ssl:warn] [pid 1] AH01906: protectoras.vm:443:0 server certificate is a CA certificate (BasicConstraints: CA == TRUE !?)
[Wed May 11 08:10:11.088305 2022] [ssl:warn] [pid 1] AH01906: protectoras.vm:443:0 server certificate is a CA certificate (BasicConstraints: CA == TRUE !?)
[Wed May 11 08:11:51.343579 2022] [ssl:warn] [pid 1] AH01906: protectoras.vm:443:0 server certificate is a CA certificate (BasicConstraints: CA == TRUE !?)
[Wed May 11 08:11:51.388899 2022] [ssl:warn] [pid 1] AH01906: protectoras.vm:443:0 server certificate is a CA certificate (BasicConstraints: CA == TRUE !?)
[Wed May 11 11:47:36.001388 2022] [ssl:warn] [pid 1] AH01906: protectoras.vm:443:0 server certificate is a CA certificate (BasicConstraints: CA == TRUE !?)
[Wed May 11 11:47:36.035025 2022] [ssl:warn] [pid 1] AH01906: protectoras.vm:443:0 server certificate is a CA certificate (BasicConstraints: CA == TRUE !?)
[Thu May 12 16:48:46.217350 2022] [ssl:warn] [pid 1] AH01906: protectoras.vm:443:0 server certificate is a CA certificate (BasicConstraints: CA == TRUE !?)
[Thu May 12 16:48:46.293727 2022] [ssl:warn] [pid 1] AH01906: protectoras.vm:443:0 server certificate is a CA certificate (BasicConstraints: CA == TRUE !?)
[Sat May 14 17:52:55.045356 2022] [ssl:warn] [pid 1] AH01906: protectoras.vm:443:0 server certificate is a CA certificate (BasicConstraints: CA == TRUE !?)
[Sat May 14 17:52:55.442347 2022] [ssl:warn] [pid 1] AH01906: protectoras.vm:443:0 server certificate is a CA certificate (BasicConstraints: CA == TRUE !?)
[Sun May 15 10:28:06.031468 2022] [ssl:warn] [pid 1] AH01906: protectoras.vm:443:0 server certificate is a CA certificate (BasicConstraints: CA == TRUE !?)
[Sun May 15 10:28:06.198077 2022] [ssl:warn] [pid 1] AH01906: protectoras.vm:443:0 server certificate is a CA certificate (BasicConstraints: CA == TRUE !?)
[Sun May 15 10:42:11.833980 2022] [ssl:warn] [pid 1] AH01906: protectoras.vm:443:0 server certificate is a CA certificate (BasicConstraints: CA == TRUE !?)
[Sun May 15 10:42:11.896433 2022] [ssl:warn] [pid 1] AH01906: protectoras.vm:443:0 server certificate is a CA certificate (BasicConstraints: CA == TRUE !?)
[Sun May 15 11:10:41.084153 2022] [ssl:warn] [pid 1] AH01906: protectoras.vm:443:0 server certificate is a CA certificate (BasicConstraints: CA == TRUE !?)
[Sun May 15 11:10:41.201861 2022] [ssl:warn] [pid 1] AH01906: protectoras.vm:443:0 server certificate is a CA certificate (BasicConstraints: CA == TRUE !?)
[Sun May 15 11:15:00.357114 2022] [ssl:warn] [pid 1] AH01906: protectoras.vm:443:0 server certificate is a CA certificate (BasicConstraints: CA == TRUE !?)
[Sun May 15 11:15:00.383338 2022] [ssl:warn] [pid 1] AH01906: protectoras.vm:443:0 server certificate is a CA certificate (BasicConstraints: CA == TRUE !?)
[Sun May 15 16:13:04.017070 2022] [ssl:warn] [pid 1] AH01906: protectoras.vm:443:0 server certificate is a CA certificate (BasicConstraints: CA == TRUE !?)
[Sun May 15 16:13:04.185372 2022] [ssl:warn] [pid 1] AH01906: protectoras.vm:443:0 server certificate is a CA certificate (BasicConstraints: CA == TRUE !?)
[Sun May 15 16:15:47.150631 2022] [ssl:warn] [pid 1] AH01906: protectoras.vm:443:0 server certificate is a CA certificate (BasicConstraints: CA == TRUE !?)
[Sun May 15 16:15:47.199838 2022] [ssl:warn] [pid 1] AH01906: protectoras.vm:443:0 server certificate is a CA certificate (BasicConstraints: CA == TRUE !?)
[Sun May 15 19:30:43.390433 2022] [ssl:warn] [pid 1] AH01906: protectoras.vm:443:0 server certificate is a CA certificate (BasicConstraints: CA == TRUE !?)
[Sun May 15 19:30:43.437794 2022] [ssl:warn] [pid 1] AH01906: protectoras.vm:443:0 server certificate is a CA certificate (BasicConstraints: CA == TRUE !?)
[Mon May 16 07:06:15.323427 2022] [ssl:warn] [pid 1] AH01906: protectoras.vm:443:0 server certificate is a CA certificate (BasicConstraints: CA == TRUE !?)
[Mon May 16 07:06:15.386551 2022] [ssl:warn] [pid 1] AH01906: protectoras.vm:443:0 server certificate is a CA certificate (BasicConstraints: CA == TRUE !?)
[Mon May 16 16:35:03.527993 2022] [ssl:warn] [pid 1] AH01906: protectoras.vm:443:0 server certificate is a CA certificate (BasicConstraints: CA == TRUE !?)
[Mon May 16 16:35:03.633478 2022] [ssl:warn] [pid 1] AH01906: protectoras.vm:443:0 server certificate is a CA certificate (BasicConstraints: CA == TRUE !?)
[Tue May 17 16:18:52.063796 2022] [ssl:warn] [pid 1] AH01906: protectoras.vm:443:0 server certificate is a CA certificate (BasicConstraints: CA == TRUE !?)
[Tue May 17 16:18:52.129772 2022] [ssl:warn] [pid 1] AH01906: protectoras.vm:443:0 server certificate is a CA certificate (BasicConstraints: CA == TRUE !?)
[Tue May 17 16:45:52.188085 2022] [ssl:warn] [pid 1] AH01906: protectoras.vm:443:0 server certificate is a CA certificate (BasicConstraints: CA == TRUE !?)
[Tue May 17 16:45:52.231608 2022] [ssl:warn] [pid 1] AH01906: protectoras.vm:443:0 server certificate is a CA certificate (BasicConstraints: CA == TRUE !?)
[Tue May 17 16:48:43.025162 2022] [ssl:warn] [pid 1] AH01906: protectoras.vm:443:0 server certificate is a CA certificate (BasicConstraints: CA == TRUE !?)
[Tue May 17 16:48:43.078202 2022] [ssl:warn] [pid 1] AH01906: protectoras.vm:443:0 server certificate is a CA certificate (BasicConstraints: CA == TRUE !?)
[Tue May 17 16:49:49.745375 2022] [ssl:warn] [pid 1] AH01906: protectoras.vm:443:0 server certificate is a CA certificate (BasicConstraints: CA == TRUE !?)
[Tue May 17 16:49:49.775295 2022] [ssl:warn] [pid 1] AH01906: protectoras.vm:443:0 server certificate is a CA certificate (BasicConstraints: CA == TRUE !?)
[Tue May 17 16:54:19.187957 2022] [ssl:warn] [pid 1] AH01906: protectoras.vm:443:0 server certificate is a CA certificate (BasicConstraints: CA == TRUE !?)
[Tue May 17 16:54:19.236228 2022] [ssl:warn] [pid 1] AH01906: protectoras.vm:443:0 server certificate is a CA certificate (BasicConstraints: CA == TRUE !?)
[Wed May 18 06:23:19.175996 2022] [ssl:warn] [pid 1] AH01906: protectoras.vm:443:0 server certificate is a CA certificate (BasicConstraints: CA == TRUE !?)
[Wed May 18 06:23:19.310472 2022] [ssl:warn] [pid 1] AH01906: protectoras.vm:443:0 server certificate is a CA certificate (BasicConstraints: CA == TRUE !?)
[Wed May 18 06:50:04.298804 2022] [ssl:warn] [pid 1] AH01906: protectoras.vm:443:0 server certificate is a CA certificate (BasicConstraints: CA == TRUE !?)
[Wed May 18 06:50:04.336171 2022] [ssl:warn] [pid 1] AH01906: protectoras.vm:443:0 server certificate is a CA certificate (BasicConstraints: CA == TRUE !?)
[Wed May 18 14:55:55.848422 2022] [ssl:warn] [pid 1] AH01906: protectoras.vm:443:0 server certificate is a CA certificate (BasicConstraints: CA == TRUE !?)
[Wed May 18 14:55:55.889033 2022] [ssl:warn] [pid 1] AH01906: protectoras.vm:443:0 server certificate is a CA certificate (BasicConstraints: CA == TRUE !?)
[Wed May 18 17:46:31.127499 2022] [ssl:warn] [pid 1] AH01906: protectoras.vm:443:0 server certificate is a CA certificate (BasicConstraints: CA == TRUE !?)
[Wed May 18 17:46:31.190497 2022] [ssl:warn] [pid 1] AH01906: protectoras.vm:443:0 server certificate is a CA certificate (BasicConstraints: CA == TRUE !?)
[Thu May 19 06:34:53.525931 2022] [ssl:warn] [pid 1] AH01906: protectoras.vm:443:0 server certificate is a CA certificate (BasicConstraints: CA == TRUE !?)
[Thu May 19 06:34:53.595366 2022] [ssl:warn] [pid 1] AH01906: protectoras.vm:443:0 server certificate is a CA certificate (BasicConstraints: CA == TRUE !?)
[Thu May 19 14:02:35.740240 2022] [ssl:warn] [pid 1] AH01906: protectoras.vm:443:0 server certificate is a CA certificate (BasicConstraints: CA == TRUE !?)
[Thu May 19 14:02:35.781891 2022] [ssl:warn] [pid 1] AH01906: protectoras.vm:443:0 server certificate is a CA certificate (BasicConstraints: CA == TRUE !?)
[Thu May 19 16:57:17.479829 2022] [ssl:warn] [pid 1] AH01906: protectoras.vm:443:0 server certificate is a CA certificate (BasicConstraints: CA == TRUE !?)
[Thu May 19 16:57:17.546213 2022] [ssl:warn] [pid 1] AH01906: protectoras.vm:443:0 server certificate is a CA certificate (BasicConstraints: CA == TRUE !?)
[Thu May 19 17:03:52.931494 2022] [ssl:warn] [pid 1] AH01906: protectoras.vm:443:0 server certificate is a CA certificate (BasicConstraints: CA == TRUE !?)
[Thu May 19 17:03:52.993001 2022] [ssl:warn] [pid 1] AH01906: protectoras.vm:443:0 server certificate is a CA certificate (BasicConstraints: CA == TRUE !?)
[Thu May 19 17:06:00.730468 2022] [ssl:warn] [pid 1] AH01906: protectoras.vm:443:0 server certificate is a CA certificate (BasicConstraints: CA == TRUE !?)
[Thu May 19 17:06:00.785862 2022] [ssl:warn] [pid 1] AH01906: protectoras.vm:443:0 server certificate is a CA certificate (BasicConstraints: CA == TRUE !?)
[Thu May 19 17:13:34.238810 2022] [ssl:warn] [pid 1] AH01906: protectoras.vm:443:0 server certificate is a CA certificate (BasicConstraints: CA == TRUE !?)
[Thu May 19 17:13:34.267597 2022] [ssl:warn] [pid 1] AH01906: protectoras.vm:443:0 server certificate is a CA certificate (BasicConstraints: CA == TRUE !?)
[Thu May 19 18:25:55.235083 2022] [ssl:warn] [pid 1] AH01906: protectoras.vm:443:0 server certificate is a CA certificate (BasicConstraints: CA == TRUE !?)
[Thu May 19 18:25:55.265223 2022] [ssl:warn] [pid 1] AH01906: protectoras.vm:443:0 server certificate is a CA certificate (BasicConstraints: CA == TRUE !?)
[Fri May 20 06:38:42.656407 2022] [ssl:warn] [pid 1] AH01906: protectoras.vm:443:0 server certificate is a CA certificate (BasicConstraints: CA == TRUE !?)
[Fri May 20 06:38:42.811770 2022] [ssl:warn] [pid 1] AH01906: protectoras.vm:443:0 server certificate is a CA certificate (BasicConstraints: CA == TRUE !?)
[Fri May 20 07:05:00.498303 2022] [ssl:warn] [pid 1] AH01906: protectoras.vm:443:0 server certificate is a CA certificate (BasicConstraints: CA == TRUE !?)
[Fri May 20 07:05:00.529975 2022] [ssl:warn] [pid 1] AH01906: protectoras.vm:443:0 server certificate is a CA certificate (BasicConstraints: CA == TRUE !?)
[Fri May 20 07:06:02.322451 2022] [ssl:warn] [pid 1] AH01906: protectoras.vm:443:0 server certificate is a CA certificate (BasicConstraints: CA == TRUE !?)
[Fri May 20 07:06:02.354552 2022] [ssl:warn] [pid 1] AH01906: protectoras.vm:443:0 server certificate is a CA certificate (BasicConstraints: CA == TRUE !?)
[Fri May 20 07:23:45.747018 2022] [ssl:warn] [pid 1] AH01906: protectoras.vm:443:0 server certificate is a CA certificate (BasicConstraints: CA == TRUE !?)
[Fri May 20 07:23:45.783348 2022] [ssl:warn] [pid 1] AH01906: protectoras.vm:443:0 server certificate is a CA certificate (BasicConstraints: CA == TRUE !?)
[Fri May 20 07:41:17.641948 2022] [ssl:warn] [pid 1] AH01906: protectoras.vm:443:0 server certificate is a CA certificate (BasicConstraints: CA == TRUE !?)
[Fri May 20 07:41:17.726225 2022] [ssl:warn] [pid 1] AH01906: protectoras.vm:443:0 server certificate is a CA certificate (BasicConstraints: CA == TRUE !?)
[Fri May 20 09:47:25.139297 2022] [ssl:warn] [pid 1] AH01906: protectoras.vm:443:0 server certificate is a CA certificate (BasicConstraints: CA == TRUE !?)
[Fri May 20 09:47:25.192372 2022] [ssl:warn] [pid 1] AH01906: protectoras.vm:443:0 server certificate is a CA certificate (BasicConstraints: CA == TRUE !?)
[Fri May 20 10:04:25.674817 2022] [ssl:warn] [pid 1] AH01906: protectoras.vm:443:0 server certificate is a CA certificate (BasicConstraints: CA == TRUE !?)
[Fri May 20 10:04:25.728749 2022] [ssl:warn] [pid 1] AH01906: protectoras.vm:443:0 server certificate is a CA certificate (BasicConstraints: CA == TRUE !?)
[Fri May 20 10:04:38.042187 2022] [ssl:warn] [pid 1] AH01906: protectoras.vm:443:0 server certificate is a CA certificate (BasicConstraints: CA == TRUE !?)
[Fri May 20 10:04:38.071449 2022] [ssl:warn] [pid 1] AH01906: protectoras.vm:443:0 server certificate is a CA certificate (BasicConstraints: CA == TRUE !?)
[Fri May 20 10:26:17.432618 2022] [ssl:warn] [pid 1] AH01906: protectoras.vm:443:0 server certificate is a CA certificate (BasicConstraints: CA == TRUE !?)
[Fri May 20 10:26:17.616607 2022] [ssl:warn] [pid 1] AH01906: protectoras.vm:443:0 server certificate is a CA certificate (BasicConstraints: CA == TRUE !?)
[Fri May 20 16:30:40.233842 2022] [ssl:warn] [pid 1] AH01906: protectoras.vm:443:0 server certificate is a CA certificate (BasicConstraints: CA == TRUE !?)
[Fri May 20 16:30:40.273980 2022] [ssl:warn] [pid 1] AH01906: protectoras.vm:443:0 server certificate is a CA certificate (BasicConstraints: CA == TRUE !?)
[Sat May 21 10:26:58.983436 2022] [ssl:warn] [pid 1] AH01906: protectoras.vm:443:0 server certificate is a CA certificate (BasicConstraints: CA == TRUE !?)
[Sat May 21 10:26:59.842057 2022] [ssl:warn] [pid 1] AH01906: protectoras.vm:443:0 server certificate is a CA certificate (BasicConstraints: CA == TRUE !?)
[Tue May 31 16:58:51.320561 2022] [ssl:warn] [pid 1] AH01906: protectoras.vm:443:0 server certificate is a CA certificate (BasicConstraints: CA == TRUE !?)
[Tue May 31 16:58:51.468844 2022] [ssl:warn] [pid 1] AH01906: protectoras.vm:443:0 server certificate is a CA certificate (BasicConstraints: CA == TRUE !?)
